-----11-25-2016 @ 08:00:16 ------
create_table
-----11-25-2016 @ 08:00:16 ------
create_table
-----11-25-2016 @ 08:00:17 ------

			SELECT user_item_id, item_id
			FROM wp_learnpress_user_items
			WHERE ref_id = 0
		
-----11-25-2016 @ 08:00:31 ------
create_table
-----11-25-2016 @ 08:00:32 ------
create_table
-----11-25-2016 @ 08:00:32 ------

			SELECT user_item_id, item_id
			FROM wp_learnpress_user_items
			WHERE ref_id = 0
		
-----11-25-2016 @ 08:00:36 ------
create_table
-----11-25-2016 @ 08:00:37 ------
create_table
-----11-25-2016 @ 08:00:37 ------

			SELECT user_item_id, item_id
			FROM wp_learnpress_user_items
			WHERE ref_id = 0
		
-----11-25-2016 @ 08:00:47 ------
create_table
-----11-25-2016 @ 08:00:47 ------
create_table
-----11-25-2016 @ 08:00:47 ------

			SELECT user_item_id, item_id
			FROM wp_learnpress_user_items
			WHERE ref_id = 0
		
-----11-25-2016 @ 08:00:51 ------
create_table
-----11-25-2016 @ 08:00:52 ------
create_table
-----11-25-2016 @ 08:00:52 ------

			SELECT user_item_id, item_id
			FROM wp_learnpress_user_items
			WHERE ref_id = 0
		
-----11-25-2016 @ 08:01:08 ------
create_table
-----11-25-2016 @ 08:01:09 ------
create_table
-----11-25-2016 @ 08:01:09 ------

			SELECT user_item_id, item_id
			FROM wp_learnpress_user_items
			WHERE ref_id = 0
		
-----11-25-2016 @ 08:01:13 ------
create_table
-----11-25-2016 @ 08:01:13 ------
create_table
-----11-25-2016 @ 08:01:13 ------

			SELECT user_item_id, item_id
			FROM wp_learnpress_user_items
			WHERE ref_id = 0
		
-----11-25-2016 @ 08:01:25 ------
create_table
-----11-25-2016 @ 08:01:25 ------
create_table
-----11-25-2016 @ 08:01:26 ------

			SELECT user_item_id, item_id
			FROM wp_learnpress_user_items
			WHERE ref_id = 0
		
-----11-25-2016 @ 08:01:35 ------
create_table
-----11-25-2016 @ 08:01:35 ------
create_table
-----11-25-2016 @ 08:01:35 ------

			SELECT user_item_id, item_id
			FROM wp_learnpress_user_items
			WHERE ref_id = 0
		
-----11-25-2016 @ 08:01:40 ------
create_table
-----11-25-2016 @ 08:01:40 ------
create_table
-----11-25-2016 @ 08:01:40 ------

			SELECT user_item_id, item_id
			FROM wp_learnpress_user_items
			WHERE ref_id = 0
		
-----11-25-2016 @ 08:01:44 ------
create_table
-----11-25-2016 @ 08:01:44 ------
create_table
-----11-25-2016 @ 08:01:45 ------

			SELECT user_item_id, item_id
			FROM wp_learnpress_user_items
			WHERE ref_id = 0
		
-----11-25-2016 @ 08:01:50 ------
create_table
-----11-25-2016 @ 08:01:50 ------
create_table
-----11-25-2016 @ 08:01:50 ------

			SELECT user_item_id, item_id
			FROM wp_learnpress_user_items
			WHERE ref_id = 0
		
-----11-25-2016 @ 08:01:54 ------
create_table
-----11-25-2016 @ 08:01:54 ------
create_table
-----11-25-2016 @ 08:01:54 ------

			SELECT user_item_id, item_id
			FROM wp_learnpress_user_items
			WHERE ref_id = 0
		
